[2026-02-26 23:15:38] [INFO] [VoxarEngine] Device: cuda
[2026-02-26 23:15:38] [INFO] [VoxarEngine] GPU: NVIDIA GeForce RTX 4060 Laptop GPU
[2026-02-26 23:15:38] [INFO] [VoxarEngine] VRAM: 8.59 GB total
[2026-02-26 23:15:38] [INFO] [VoxarEngine] Loading XTTS v2 model... (this takes 15-30 seconds)
[2026-02-26 23:16:20] [INFO] [VoxarEngine] Model loaded in 41.5 seconds
[2026-02-26 23:16:20] [INFO] [VoxarEngine] VRAM after model load: 1.91 GB used
[2026-02-26 23:16:20] [WARNING] [VoxarEngine] No configs found, using defaults
[2026-02-26 23:16:20] [INFO] [VoxarEngine] Loaded 1 mode configurations: ['flash']
[2026-02-26 23:16:20] [INFO] [VoxarEngine] ==================================================
[2026-02-26 23:16:20] [INFO] [VoxarEngine] VOXAR TTS ENGINE READY
[2026-02-26 23:16:20] [INFO] [VoxarEngine] ==================================================
[2026-02-26 23:16:22] [INFO] [VoxarEngine] Generating: mode=flash | lang=en | chars=133 | speed=1.0
[2026-02-26 23:16:31] [INFO] [VoxarEngine] Generated: 10.5s audio in 9.2s | 491.1KB | voxar_flash_en_20260226_231622_527.wav
[2026-02-26 23:24:16] [INFO] [VoxarEngine] Device: cuda
[2026-02-26 23:24:16] [INFO] [VoxarEngine] GPU: NVIDIA GeForce RTX 4060 Laptop GPU
[2026-02-26 23:24:16] [INFO] [VoxarEngine] VRAM: 8.59 GB total
[2026-02-26 23:24:16] [INFO] [VoxarEngine] Loading XTTS v2 model... (this takes 15-30 seconds)
[2026-02-26 23:24:41] [INFO] [VoxarEngine] Model loaded in 24.8 seconds
[2026-02-26 23:24:41] [INFO] [VoxarEngine] VRAM after model load: 1.91 GB used
[2026-02-26 23:24:41] [INFO] [VoxarEngine] Loaded 4 mode configurations: ['cinematic', 'flash', 'longform', 'multilingual']
[2026-02-26 23:24:41] [INFO] [VoxarEngine] ==================================================
[2026-02-26 23:24:41] [INFO] [VoxarEngine] VOXAR TTS ENGINE READY
[2026-02-26 23:24:41] [INFO] [VoxarEngine] ==================================================
[2026-02-26 23:24:44] [INFO] [VoxarEngine] Generating: mode=flash | lang=en | chars=133 | speed=1.1
[2026-02-26 23:24:52] [INFO] [VoxarEngine] Generated: 11.3s audio in 8.3s | 528.1KB | voxar_flash_en_20260226_232444_067.wav
[2026-02-26 23:28:57] [INFO] [VoxarEngine] Device: cuda
[2026-02-26 23:28:57] [INFO] [VoxarEngine] GPU: NVIDIA GeForce RTX 4060 Laptop GPU
[2026-02-26 23:28:57] [INFO] [VoxarEngine] VRAM: 8.59 GB total
[2026-02-26 23:28:57] [INFO] [VoxarEngine] Loading XTTS v2 model... (this takes 15-30 seconds)
[2026-02-26 23:29:21] [INFO] [VoxarEngine] Model loaded in 24.0 seconds
[2026-02-26 23:29:21] [INFO] [VoxarEngine] VRAM after model load: 1.91 GB used
[2026-02-26 23:29:21] [INFO] [VoxarEngine] Loaded 4 mode configurations: ['cinematic', 'flash', 'longform', 'multilingual']
[2026-02-26 23:29:21] [INFO] [VoxarEngine] ==================================================
[2026-02-26 23:29:21] [INFO] [VoxarEngine] VOXAR TTS ENGINE READY
[2026-02-26 23:29:21] [INFO] [VoxarEngine] ==================================================
[2026-02-26 23:29:21] [INFO] [VoxarEngine] Generating: mode=flash | lang=en | chars=24 | speed=1.1
[2026-02-26 23:29:23] [INFO] [VoxarEngine] Generated: 2.6s audio in 2.7s | 121.6KB | day2_en_short.wav
[2026-02-26 23:29:23] [INFO] [VoxarEngine] Generating: mode=flash | lang=en | chars=148 | speed=1.1
[2026-02-26 23:29:30] [INFO] [VoxarEngine] Generated: 10.1s audio in 7.0s | 471.6KB | day2_en_medium.wav
[2026-02-26 23:29:30] [INFO] [VoxarChunker] Split 466 chars into 2 chunks (avg 232 chars/chunk)
[2026-02-26 23:29:30] [INFO] [VoxarEngine] Split text into 2 chunks for generation
[2026-02-26 23:29:30] [INFO] [VoxarEngine]   Generating chunk 1/2 (303 chars)
[2026-02-26 23:29:40] [INFO] [VoxarEngine]   Chunk 1 done in 9.2s
[2026-02-26 23:29:40] [INFO] [VoxarEngine]   Generating chunk 2/2 (162 chars)
[2026-02-26 23:29:47] [INFO] [VoxarEngine]   Chunk 2 done in 6.9s
[2026-02-26 23:29:47] [INFO] [VoxarChunker] Concatenated 2 chunks → 24.1s audio → output\day2_en_long.wav
[2026-02-26 23:29:47] [INFO] [VoxarEngine] Chunked generation complete: 2 chunks -> 24.1s audio in 16.1s
[2026-02-26 23:29:47] [INFO] [VoxarEngine] Generating: mode=flash | lang=hi | chars=35 | speed=1.1
[2026-02-26 23:29:47] [ERROR] [VoxarEngine] Generation failed: KeyError: 'hi'
[2026-02-26 23:29:47] [INFO] [VoxarEngine] Generating: mode=flash | lang=hi | chars=149 | speed=1.1
[2026-02-26 23:29:47] [ERROR] [VoxarEngine] Generation failed: KeyError: 'hi'
[2026-02-26 23:29:47] [INFO] [VoxarChunker] Split 372 chars into 2 chunks (avg 185 chars/chunk)
[2026-02-26 23:29:47] [INFO] [VoxarEngine] Split text into 2 chunks for generation
[2026-02-26 23:29:47] [INFO] [VoxarEngine]   Generating chunk 1/2 (236 chars)
[2026-02-26 23:29:47] [ERROR] [VoxarEngine]   Chunk 1 failed: 'hi'
[2026-02-26 23:29:47] [INFO] [VoxarEngine]   Generating chunk 2/2 (135 chars)
[2026-02-26 23:29:47] [ERROR] [VoxarEngine]   Chunk 2 failed: 'hi'
[2026-02-26 23:29:47] [INFO] [VoxarEngine] Generating: mode=flash | lang=ta | chars=29 | speed=1.1
[2026-02-26 23:29:47] [ERROR] [VoxarEngine] Generation failed: AssertionError:  ❗ Language ta is not supported. Supported languages are ['en', 'es', 'fr', 'de', 'it', 'pt', 'pl', 'tr', 'ru', 'nl', 'cs', 'ar', 'zh-cn', 'hu', 'ko', 'ja', 'hi']
[2026-02-26 23:29:47] [INFO] [VoxarEngine] Generating: mode=flash | lang=ta | chars=114 | speed=1.1
[2026-02-26 23:29:47] [ERROR] [VoxarEngine] Generation failed: AssertionError:  ❗ Language ta is not supported. Supported languages are ['en', 'es', 'fr', 'de', 'it', 'pt', 'pl', 'tr', 'ru', 'nl', 'cs', 'ar', 'zh-cn', 'hu', 'ko', 'ja', 'hi']
[2026-02-26 23:29:47] [INFO] [VoxarEngine] Generating: mode=flash | lang=te | chars=27 | speed=1.1
[2026-02-26 23:29:47] [ERROR] [VoxarEngine] Generation failed: AssertionError:  ❗ Language te is not supported. Supported languages are ['en', 'es', 'fr', 'de', 'it', 'pt', 'pl', 'tr', 'ru', 'nl', 'cs', 'ar', 'zh-cn', 'hu', 'ko', 'ja', 'hi']
[2026-02-26 23:29:47] [INFO] [VoxarEngine] Generating: mode=flash | lang=te | chars=104 | speed=1.1
[2026-02-26 23:29:47] [ERROR] [VoxarEngine] Generation failed: AssertionError:  ❗ Language te is not supported. Supported languages are ['en', 'es', 'fr', 'de', 'it', 'pt', 'pl', 'tr', 'ru', 'nl', 'cs', 'ar', 'zh-cn', 'hu', 'ko', 'ja', 'hi']
[2026-02-26 23:29:47] [INFO] [VoxarEngine] Generating: mode=flash | lang=bn | chars=32 | speed=1.1
[2026-02-26 23:29:47] [ERROR] [VoxarEngine] Generation failed: AssertionError:  ❗ Language bn is not supported. Supported languages are ['en', 'es', 'fr', 'de', 'it', 'pt', 'pl', 'tr', 'ru', 'nl', 'cs', 'ar', 'zh-cn', 'hu', 'ko', 'ja', 'hi']
[2026-02-26 23:29:47] [INFO] [VoxarEngine] Generating: mode=flash | lang=bn | chars=106 | speed=1.1
[2026-02-26 23:29:47] [ERROR] [VoxarEngine] Generation failed: AssertionError:  ❗ Language bn is not supported. Supported languages are ['en', 'es', 'fr', 'de', 'it', 'pt', 'pl', 'tr', 'ru', 'nl', 'cs', 'ar', 'zh-cn', 'hu', 'ko', 'ja', 'hi']
[2026-02-26 23:29:47] [INFO] [VoxarEngine] Generating: mode=flash | lang=mr | chars=38 | speed=1.1
[2026-02-26 23:29:47] [ERROR] [VoxarEngine] Generation failed: AssertionError:  ❗ Language mr is not supported. Supported languages are ['en', 'es', 'fr', 'de', 'it', 'pt', 'pl', 'tr', 'ru', 'nl', 'cs', 'ar', 'zh-cn', 'hu', 'ko', 'ja', 'hi']
[2026-02-26 23:29:47] [INFO] [VoxarEngine] Generating: mode=flash | lang=mr | chars=115 | speed=1.1
[2026-02-26 23:29:47] [ERROR] [VoxarEngine] Generation failed: AssertionError:  ❗ Language mr is not supported. Supported languages are ['en', 'es', 'fr', 'de', 'it', 'pt', 'pl', 'tr', 'ru', 'nl', 'cs', 'ar', 'zh-cn', 'hu', 'ko', 'ja', 'hi']
[2026-02-26 23:51:15] [INFO] [VoxarEngine] Device: cuda
[2026-02-26 23:51:15] [INFO] [VoxarEngine] GPU: NVIDIA GeForce RTX 4060 Laptop GPU
[2026-02-26 23:51:15] [INFO] [VoxarEngine] VRAM: 8.59 GB total
[2026-02-26 23:51:15] [INFO] [VoxarEngine] Loading XTTS v2 model... (this takes 15-30 seconds)
[2026-02-26 23:51:45] [INFO] [VoxarEngine] Model loaded in 30.3 seconds
[2026-02-26 23:51:45] [INFO] [VoxarEngine] VRAM after model load: 1.91 GB used
[2026-02-26 23:51:45] [INFO] [VoxarEngine] Loaded 4 mode configurations: ['cinematic', 'flash', 'longform', 'multilingual']
[2026-02-26 23:51:45] [INFO] [VoxarEngine] ==================================================
[2026-02-26 23:51:45] [INFO] [VoxarEngine] VOXAR TTS ENGINE READY
[2026-02-26 23:51:45] [INFO] [VoxarEngine] ==================================================
[2026-02-26 23:51:45] [INFO] [VoxarEngine] Generating: mode=flash | lang=hi | chars=52 | speed=1.1
[2026-02-26 23:51:49] [ERROR] [VoxarEngine] Generation failed: KeyError: 'hi'
[2026-02-26 23:51:49] [INFO] [VoxarEngine] Generating: mode=flash | lang=en | chars=52 | speed=1.1
[2026-02-26 23:52:02] [INFO] [VoxarEngine] Generated: 6.4s audio in 13.3s | 299.6KB | day2_debug_hindi.wav
[2026-02-26 23:52:02] [INFO] [VoxarEngine] Generating: mode=flash | lang=hi | chars=50 | speed=1.1
[2026-02-26 23:52:02] [ERROR] [VoxarEngine] Generation failed: KeyError: 'hi'
[2026-02-26 23:52:02] [INFO] [VoxarEngine] Generating: mode=flash | lang=hi | chars=37 | speed=1.1
[2026-02-26 23:52:03] [ERROR] [VoxarEngine] Generation failed: KeyError: 'hi'
[2026-02-27 00:15:02] [INFO] [VoxarEngine] Device: cuda
[2026-02-27 00:15:02] [INFO] [VoxarEngine] GPU: NVIDIA GeForce RTX 4060 Laptop GPU
[2026-02-27 00:15:02] [INFO] [VoxarEngine] Loading XTTS v2 model... (this takes 15-30 seconds)
[2026-02-27 00:15:25] [INFO] [VoxarEngine] Model loaded in 22.7 seconds
[2026-02-27 00:15:25] [INFO] [VoxarEngine] Dynamically loaded 17 supported languages from model.
[2026-02-27 00:15:25] [INFO] [VoxarEngine] VOXAR TTS ENGINE READY
[2026-02-27 00:22:46] [INFO] [VoxarEngine] Device: cuda
[2026-02-27 00:22:46] [INFO] [VoxarEngine] GPU: NVIDIA GeForce RTX 4060 Laptop GPU
[2026-02-27 00:22:46] [INFO] [VoxarEngine] Loading XTTS v2 model... (this takes 15-30 seconds)
[2026-02-27 00:23:09] [INFO] [VoxarEngine] Model loaded in 22.7 seconds
[2026-02-27 00:23:09] [INFO] [VoxarEngine] Dynamically loaded 17 supported languages from model.
[2026-02-27 00:23:09] [INFO] [VoxarEngine] VOXAR TTS ENGINE READY
[2026-02-27 00:23:19] [INFO] [VoxarChunker] Split 466 chars into 2 chunks (avg 232 chars/chunk)
[2026-02-27 00:23:43] [INFO] [VoxarChunker] Concatenated 2 chunks → 39.6s audio → output\day2_en_long.wav
[2026-02-27 00:23:43] [INFO] [VoxarChunker] Split 372 chars into 2 chunks (avg 185 chars/chunk)
[2026-02-27 01:11:55] [INFO] [VoxarEngine] Device: cuda
[2026-02-27 01:11:55] [INFO] [VoxarEngine] GPU: NVIDIA GeForce RTX 4060 Laptop GPU
[2026-02-27 01:11:55] [INFO] [VoxarEngine] VRAM: 8.59 GB total
[2026-02-27 01:11:55] [INFO] [VoxarEngine] Loading XTTS v2 model... (this takes 15-30 seconds)
[2026-02-27 01:12:18] [INFO] [VoxarEngine] Model loaded in 22.8 seconds
[2026-02-27 01:12:18] [INFO] [VoxarEngine] VRAM after model load: 1.91 GB used
[2026-02-27 01:12:18] [INFO] [VoxarEngine] XTTS v2 languages: ['en', 'es', 'fr', 'de', 'it', 'pt', 'pl', 'tr', 'ru', 'nl', 'cs', 'ar', 'zh-cn', 'hu', 'ko', 'ja', 'hi']
[2026-02-27 01:12:18] [INFO] [VoxarEngine] Total VOXAR languages: 26
[2026-02-27 01:12:18] [INFO] [VoxarEngine] Loaded 4 modes: ['cinematic', 'flash', 'longform', 'multilingual']
[2026-02-27 01:12:18] [INFO] [VoxarEngine] ==================================================
[2026-02-27 01:12:18] [INFO] [VoxarEngine] VOXAR TTS ENGINE READY
[2026-02-27 01:12:18] [INFO] [VoxarEngine] ==================================================
[2026-02-27 01:14:51] [INFO] [VoxarEngine] Device: cuda
[2026-02-27 01:14:51] [INFO] [VoxarEngine] GPU: NVIDIA GeForce RTX 4060 Laptop GPU
[2026-02-27 01:14:51] [INFO] [VoxarEngine] VRAM: 8.59 GB total
[2026-02-27 01:14:51] [INFO] [VoxarEngine] Loading XTTS v2 model... (this takes 15-30 seconds)
[2026-02-27 01:15:14] [INFO] [VoxarEngine] Model loaded in 22.2 seconds
[2026-02-27 01:15:14] [INFO] [VoxarEngine] VRAM after model load: 1.91 GB used
[2026-02-27 01:15:14] [INFO] [VoxarEngine] XTTS v2 languages: ['en', 'es', 'fr', 'de', 'it', 'pt', 'pl', 'tr', 'ru', 'nl', 'cs', 'ar', 'zh-cn', 'hu', 'ko', 'ja', 'hi']
[2026-02-27 01:15:14] [INFO] [VoxarEngine] Total VOXAR languages: 26
[2026-02-27 01:15:14] [INFO] [VoxarEngine] Loaded 4 modes: ['cinematic', 'flash', 'longform', 'multilingual']
[2026-02-27 01:15:14] [INFO] [VoxarEngine] ==================================================
[2026-02-27 01:15:14] [INFO] [VoxarEngine] VOXAR TTS ENGINE READY
[2026-02-27 01:15:14] [INFO] [VoxarEngine] ==================================================
[2026-02-27 01:15:14] [INFO] [VoxarEngine] Generating: mode=flash | lang=en | chars=24 | speed=1.1 | basic=False
[2026-02-27 01:15:16] [INFO] [VoxarEngine] Generating: mode=flash | lang=en | chars=148 | speed=1.1 | basic=False
[2026-02-27 01:15:23] [INFO] [VoxarEngine]   Language: Using simplified XTTS call for Hindi (advanced params cause internal bug, voice cloning still works)
[2026-02-27 01:15:23] [INFO] [VoxarEngine] Generating: mode=flash | lang=hi | chars=35 | speed=1.1 | basic=True
[2026-02-27 01:15:23] [INFO] [VoxarEngine]   Using basic XTTS call (language=hi)
[2026-02-27 01:15:27] [INFO] [VoxarEngine]   Language: Using simplified XTTS call for Hindi (advanced params cause internal bug, voice cloning still works)
[2026-02-27 01:15:27] [INFO] [VoxarEngine] Generating: mode=flash | lang=hi | chars=149 | speed=1.1 | basic=True
[2026-02-27 01:15:27] [INFO] [VoxarEngine]   Using basic XTTS call (language=hi)
[2026-02-27 01:15:38] [INFO] [VoxarEngine]   Language: Using simplified XTTS call for Hindi (advanced params cause internal bug, voice cloning still works)
[2026-02-27 01:15:38] [INFO] [VoxarChunker] Split 372 chars into 2 chunks (avg 185 chars/chunk)
[2026-02-27 01:15:38] [INFO] [VoxarEngine] Split text into 2 chunks
[2026-02-27 01:15:38] [INFO] [VoxarEngine]   Chunk 1/2 (236 chars)
[2026-02-27 01:15:38] [INFO] [VoxarEngine]   Using basic XTTS call (language=hi)
[2026-02-27 01:15:49] [INFO] [VoxarEngine]   Chunk 1 done in 10.9s
[2026-02-27 01:15:49] [INFO] [VoxarEngine]   Chunk 2/2 (135 chars)
[2026-02-27 01:15:49] [INFO] [VoxarEngine]   Using basic XTTS call (language=hi)
[2026-02-27 01:15:55] [INFO] [VoxarEngine]   Chunk 2 done in 5.8s
[2026-02-27 01:15:55] [INFO] [VoxarChunker] Concatenated 2 chunks → 27.5s audio → output\day2_hi_long.wav
[2026-02-27 01:15:55] [INFO] [VoxarEngine]   Language: Tamil not natively supported by XTTS v2. Using English tokenizer with romanized text. MMS-TTS with native pronunciation coming in Phase 4.
[2026-02-27 01:15:55] [INFO] [VoxarEngine] Generating: mode=flash | lang=en | chars=39 | speed=1.1 | basic=False
[2026-02-27 01:15:58] [INFO] [VoxarEngine]   Language: Telugu not natively supported by XTTS v2. Using English tokenizer with romanized text. MMS-TTS with native pronunciation coming in Phase 4.
[2026-02-27 01:15:58] [INFO] [VoxarEngine] Generating: mode=flash | lang=en | chars=39 | speed=1.1 | basic=False
[2026-02-27 01:16:01] [INFO] [VoxarEngine]   Language: Bengali not natively supported by XTTS v2. Using English tokenizer with romanized text. MMS-TTS with native pronunciation coming in Phase 4.
[2026-02-27 01:16:01] [INFO] [VoxarEngine] Generating: mode=flash | lang=en | chars=42 | speed=1.1 | basic=False
[2026-02-27 01:16:04] [INFO] [VoxarEngine]   Language: Marathi not natively supported by XTTS v2. Using English tokenizer with romanized text. MMS-TTS with native pronunciation coming in Phase 4.
[2026-02-27 01:16:04] [INFO] [VoxarEngine] Generating: mode=flash | lang=en | chars=48 | speed=1.1 | basic=False
[2026-02-27 01:28:15] [INFO] [VoxarEngine] Device: cuda
[2026-02-27 01:28:15] [INFO] [VoxarEngine] GPU: NVIDIA GeForce RTX 4060 Laptop GPU
[2026-02-27 01:28:15] [INFO] [VoxarEngine] VRAM: 8.59 GB total
[2026-02-27 01:28:15] [INFO] [VoxarEngine] Loading XTTS v2 model... (this takes 15-30 seconds)
[2026-02-27 01:28:37] [INFO] [VoxarEngine] Model loaded in 22.5 seconds
[2026-02-27 01:28:37] [INFO] [VoxarEngine] VRAM after model load: 1.91 GB used
[2026-02-27 01:28:37] [INFO] [VoxarEngine] XTTS v2 languages: ['en', 'es', 'fr', 'de', 'it', 'pt', 'pl', 'tr', 'ru', 'nl', 'cs', 'ar', 'zh-cn', 'hu', 'ko', 'ja', 'hi']
[2026-02-27 01:28:37] [INFO] [VoxarEngine] Total VOXAR languages: 26
[2026-02-27 01:28:37] [INFO] [VoxarEngine] Loaded 4 modes: ['cinematic', 'flash', 'longform', 'multilingual']
[2026-02-27 01:28:37] [INFO] [VoxarEngine] ==================================================
[2026-02-27 01:28:37] [INFO] [VoxarEngine] VOXAR TTS ENGINE READY
[2026-02-27 01:28:37] [INFO] [VoxarEngine] ==================================================
[2026-02-27 01:28:37] [INFO] [VoxarEngine] Generating: mode=flash | lang=en | chars=24 | speed=1.1 | basic=False
[2026-02-27 01:28:40] [INFO] [VoxarEngine] Generating: mode=flash | lang=en | chars=148 | speed=1.1 | basic=False
[2026-02-27 01:28:47] [INFO] [VoxarEngine]   Language: Using simplified XTTS call for Hindi (advanced params cause internal bug, voice cloning still works)
[2026-02-27 01:28:47] [INFO] [VoxarEngine] Generating: mode=flash | lang=hi | chars=35 | speed=1.1 | basic=True
[2026-02-27 01:28:47] [INFO] [VoxarEngine]   Using basic XTTS call (language=hi)
[2026-02-27 01:28:49] [INFO] [VoxarEngine]   Language: Using simplified XTTS call for Hindi (advanced params cause internal bug, voice cloning still works)
[2026-02-27 01:28:49] [INFO] [VoxarEngine] Generating: mode=flash | lang=hi | chars=140 | speed=1.1 | basic=True
[2026-02-27 01:28:49] [INFO] [VoxarEngine]   Using basic XTTS call (language=hi)
[2026-02-27 01:28:56] [INFO] [VoxarEngine]   Language: Using simplified XTTS call for Hindi (advanced params cause internal bug, voice cloning still works)
[2026-02-27 01:28:56] [INFO] [VoxarEngine] Generating: mode=flash | lang=hi | chars=336 | speed=1.1 | basic=True
[2026-02-27 01:28:56] [INFO] [VoxarEngine]   Using basic XTTS call (language=hi)
[2026-02-27 01:29:11] [INFO] [VoxarEngine]   Language: Tamil not natively supported by XTTS v2. Using English tokenizer with romanized text. MMS-TTS with native pronunciation coming in Phase 4.
[2026-02-27 01:29:11] [INFO] [VoxarEngine] Generating: mode=flash | lang=en | chars=39 | speed=1.1 | basic=False
[2026-02-27 01:29:14] [INFO] [VoxarEngine]   Language: Telugu not natively supported by XTTS v2. Using English tokenizer with romanized text. MMS-TTS with native pronunciation coming in Phase 4.
[2026-02-27 01:29:14] [INFO] [VoxarEngine] Generating: mode=flash | lang=en | chars=39 | speed=1.1 | basic=False
[2026-02-27 01:29:17] [INFO] [VoxarEngine]   Language: Bengali not natively supported by XTTS v2. Using English tokenizer with romanized text. MMS-TTS with native pronunciation coming in Phase 4.
[2026-02-27 01:29:17] [INFO] [VoxarEngine] Generating: mode=flash | lang=en | chars=42 | speed=1.1 | basic=False
[2026-02-27 01:29:20] [INFO] [VoxarEngine]   Language: Marathi not natively supported by XTTS v2. Using English tokenizer with romanized text. MMS-TTS with native pronunciation coming in Phase 4.
[2026-02-27 01:29:20] [INFO] [VoxarEngine] Generating: mode=flash | lang=en | chars=48 | speed=1.1 | basic=False
[2026-02-27 01:46:06] [INFO] [VoxarEngine] Device: cuda
[2026-02-27 01:46:06] [INFO] [VoxarEngine] GPU: NVIDIA GeForce RTX 4060 Laptop GPU
[2026-02-27 01:46:06] [INFO] [VoxarEngine] VRAM: 8.59 GB total
[2026-02-27 01:46:06] [INFO] [VoxarEngine] Loading XTTS v2 model... (this takes 15-30 seconds)
[2026-02-27 01:46:29] [INFO] [VoxarEngine] Model loaded in 22.2 seconds
[2026-02-27 01:46:29] [INFO] [VoxarEngine] VRAM after model load: 1.91 GB used
[2026-02-27 01:46:29] [INFO] [VoxarEngine] XTTS v2 languages: ['en', 'es', 'fr', 'de', 'it', 'pt', 'pl', 'tr', 'ru', 'nl', 'cs', 'ar', 'zh-cn', 'hu', 'ko', 'ja', 'hi']
[2026-02-27 01:46:29] [INFO] [VoxarEngine] Total VOXAR languages: 26
[2026-02-27 01:46:29] [INFO] [VoxarEngine] Loaded 4 modes: ['cinematic', 'flash', 'longform', 'multilingual']
[2026-02-27 01:46:29] [INFO] [VoxarEngine] ==================================================
[2026-02-27 01:46:29] [INFO] [VoxarEngine] VOXAR TTS ENGINE READY
[2026-02-27 01:46:29] [INFO] [VoxarEngine] ==================================================
[2026-02-27 01:46:29] [INFO] [VoxarEngine]   Language: Using simplified XTTS call for Hindi (advanced params cause internal bug, voice cloning still works)
[2026-02-27 01:46:29] [INFO] [VoxarEngine] Generating: mode=flash | lang=hi | chars=48 | speed=1.1 | basic=True
[2026-02-27 01:46:29] [INFO] [VoxarEngine]   Using basic XTTS call (language=hi)
[2026-02-27 01:46:33] [INFO] [VoxarEngine]   Language: Using simplified XTTS call for Hindi (advanced params cause internal bug, voice cloning still works)
[2026-02-27 01:46:33] [INFO] [VoxarEngine] Generating: mode=flash | lang=hi | chars=171 | speed=1.1 | basic=True
[2026-02-27 01:46:33] [INFO] [VoxarEngine]   Using basic XTTS call (language=hi)
[2026-02-27 01:46:40] [INFO] [VoxarEngine] Generating: mode=flash | lang=en | chars=48 | speed=1.1 | basic=False
[2026-02-27 01:48:00] [INFO] [VoxarEngine] Device: cuda
[2026-02-27 01:48:00] [INFO] [VoxarEngine] GPU: NVIDIA GeForce RTX 4060 Laptop GPU
[2026-02-27 01:48:00] [INFO] [VoxarEngine] VRAM: 8.59 GB total
[2026-02-27 01:48:00] [INFO] [VoxarEngine] Loading XTTS v2 model... (this takes 15-30 seconds)
[2026-02-27 01:48:22] [INFO] [VoxarEngine] Model loaded in 22.2 seconds
[2026-02-27 01:48:22] [INFO] [VoxarEngine] VRAM after model load: 1.91 GB used
[2026-02-27 01:48:22] [INFO] [VoxarEngine] XTTS v2 languages: ['en', 'es', 'fr', 'de', 'it', 'pt', 'pl', 'tr', 'ru', 'nl', 'cs', 'ar', 'zh-cn', 'hu', 'ko', 'ja', 'hi']
[2026-02-27 01:48:22] [INFO] [VoxarEngine] Total VOXAR languages: 26
[2026-02-27 01:48:22] [INFO] [VoxarEngine] Loaded 4 modes: ['cinematic', 'flash', 'longform', 'multilingual']
[2026-02-27 01:48:22] [INFO] [VoxarEngine] ==================================================
[2026-02-27 01:48:22] [INFO] [VoxarEngine] VOXAR TTS ENGINE READY
[2026-02-27 01:48:22] [INFO] [VoxarEngine] ==================================================
[2026-02-27 01:48:22] [INFO] [VoxarEngine] Generating: mode=flash | lang=en | chars=50 | speed=1.1 | basic=False
[2026-02-27 01:48:26] [INFO] [VoxarEngine] Generating: mode=flash | lang=en | chars=100 | speed=1.1 | basic=False
[2026-02-27 01:48:32] [INFO] [VoxarEngine] Generating: mode=flash | lang=en | chars=250 | speed=1.1 | basic=False
[2026-02-27 01:48:44] [INFO] [VoxarChunker] Split 500 chars into 2 chunks (avg 249 chars/chunk)
[2026-02-27 01:48:44] [INFO] [VoxarEngine] Split text into 2 chunks
[2026-02-27 01:48:44] [INFO] [VoxarEngine]   Chunk 1/2 (327 chars)
[2026-02-27 01:48:58] [INFO] [VoxarEngine]   Chunk 1 done in 14.1s
[2026-02-27 01:48:58] [INFO] [VoxarEngine]   Chunk 2/2 (172 chars)
[2026-02-27 01:49:06] [INFO] [VoxarEngine]   Chunk 2 done in 7.9s
[2026-02-27 01:49:06] [INFO] [VoxarChunker] Concatenated 2 chunks → 36.9s audio → output\stress_en_500.wav
[2026-02-27 01:49:06] [INFO] [VoxarChunker] Split 749 chars into 3 chunks (avg 249 chars/chunk)
[2026-02-27 01:49:06] [INFO] [VoxarEngine] Split text into 3 chunks
[2026-02-27 01:49:06] [INFO] [VoxarEngine]   Chunk 1/3 (327 chars)
[2026-02-27 01:49:22] [INFO] [VoxarEngine]   Chunk 1 done in 15.3s
[2026-02-27 01:49:22] [INFO] [VoxarEngine]   Chunk 2/3 (339 chars)
[2026-02-27 01:49:38] [INFO] [VoxarEngine]   Chunk 2 done in 16.0s
[2026-02-27 01:49:38] [INFO] [VoxarEngine]   Chunk 3/3 (81 chars)
[2026-02-27 01:49:42] [INFO] [VoxarEngine]   Chunk 3 done in 4.0s
[2026-02-27 01:49:42] [INFO] [VoxarChunker] Concatenated 3 chunks → 59.6s audio → output\stress_en_750.wav
[2026-02-27 01:49:42] [INFO] [VoxarChunker] Split 1000 chars into 3 chunks (avg 332 chars/chunk)
[2026-02-27 01:49:42] [INFO] [VoxarEngine] Split text into 3 chunks
[2026-02-27 01:49:42] [INFO] [VoxarEngine]   Chunk 1/3 (327 chars)
[2026-02-27 01:49:58] [INFO] [VoxarEngine]   Chunk 1 done in 15.9s
[2026-02-27 01:49:58] [INFO] [VoxarEngine]   Chunk 2/3 (339 chars)
[2026-02-27 01:50:13] [INFO] [VoxarEngine]   Chunk 2 done in 15.4s
[2026-02-27 01:50:13] [INFO] [VoxarEngine]   Chunk 3/3 (332 chars)
[2026-02-27 01:50:27] [INFO] [VoxarEngine]   Chunk 3 done in 14.4s
[2026-02-27 01:50:28] [INFO] [VoxarChunker] Concatenated 3 chunks → 78.4s audio → output\stress_en_1000.wav
[2026-02-27 01:50:28] [INFO] [VoxarChunker] Split 1500 chars into 5 chunks (avg 299 chars/chunk)
[2026-02-27 01:50:28] [INFO] [VoxarEngine] Split text into 5 chunks
[2026-02-27 01:50:28] [INFO] [VoxarEngine]   Chunk 1/5 (327 chars)
[2026-02-27 01:50:44] [INFO] [VoxarEngine]   Chunk 1 done in 16.1s
[2026-02-27 01:50:44] [INFO] [VoxarEngine]   Chunk 2/5 (339 chars)
[2026-02-27 01:50:59] [INFO] [VoxarEngine]   Chunk 2 done in 15.0s
[2026-02-27 01:50:59] [INFO] [VoxarEngine]   Chunk 3/5 (337 chars)
[2026-02-27 01:51:14] [INFO] [VoxarEngine]   Chunk 3 done in 15.4s
[2026-02-27 01:51:14] [INFO] [VoxarEngine]   Chunk 4/5 (342 chars)
[2026-02-27 01:51:28] [INFO] [VoxarEngine]   Chunk 4 done in 13.8s
[2026-02-27 01:51:28] [INFO] [VoxarEngine]   Chunk 5/5 (151 chars)
[2026-02-27 01:51:34] [INFO] [VoxarEngine]   Chunk 5 done in 6.5s
[2026-02-27 01:51:35] [INFO] [VoxarChunker] Concatenated 5 chunks → 114.3s audio → output\stress_en_1500.wav
[2026-02-27 01:51:35] [INFO] [VoxarChunker] Split 2000 chars into 6 chunks (avg 332 chars/chunk)
[2026-02-27 01:51:35] [INFO] [VoxarEngine] Split text into 6 chunks
[2026-02-27 01:51:35] [INFO] [VoxarEngine]   Chunk 1/6 (327 chars)
[2026-02-27 01:52:10] [INFO] [VoxarEngine]   Chunk 1 done in 35.2s
[2026-02-27 01:52:10] [INFO] [VoxarEngine]   Chunk 2/6 (339 chars)
[2026-02-27 01:52:31] [INFO] [VoxarEngine]   Chunk 2 done in 21.3s
[2026-02-27 01:52:31] [INFO] [VoxarEngine]   Chunk 3/6 (337 chars)
[2026-02-27 01:52:47] [INFO] [VoxarEngine]   Chunk 3 done in 15.8s
[2026-02-27 01:52:47] [INFO] [VoxarEngine]   Chunk 4/6 (342 chars)
[2026-02-27 01:53:02] [INFO] [VoxarEngine]   Chunk 4 done in 14.6s
[2026-02-27 01:53:02] [INFO] [VoxarEngine]   Chunk 5/6 (336 chars)
[2026-02-27 01:53:17] [INFO] [VoxarEngine]   Chunk 5 done in 15.1s
[2026-02-27 01:53:17] [INFO] [VoxarEngine]   Chunk 6/6 (314 chars)
[2026-02-27 01:53:31] [INFO] [VoxarEngine]   Chunk 6 done in 14.3s
[2026-02-27 01:53:31] [INFO] [VoxarChunker] Concatenated 6 chunks → 152.9s audio → output\stress_en_2000.wav
[2026-02-27 01:53:31] [INFO] [VoxarChunker] Split 3000 chars into 9 chunks (avg 332 chars/chunk)
[2026-02-27 01:53:31] [INFO] [VoxarEngine] Split text into 9 chunks
[2026-02-27 01:53:31] [INFO] [VoxarEngine]   Chunk 1/9 (327 chars)
[2026-02-27 01:53:45] [INFO] [VoxarEngine]   Chunk 1 done in 13.9s
[2026-02-27 01:53:45] [INFO] [VoxarEngine]   Chunk 2/9 (339 chars)
[2026-02-27 01:53:59] [INFO] [VoxarEngine]   Chunk 2 done in 14.3s
[2026-02-27 01:53:59] [INFO] [VoxarEngine]   Chunk 3/9 (337 chars)
[2026-02-27 01:54:14] [INFO] [VoxarEngine]   Chunk 3 done in 14.9s
[2026-02-27 01:54:14] [INFO] [VoxarEngine]   Chunk 4/9 (342 chars)
[2026-02-27 01:54:29] [INFO] [VoxarEngine]   Chunk 4 done in 14.5s
[2026-02-27 01:54:29] [INFO] [VoxarEngine]   Chunk 5/9 (336 chars)
[2026-02-27 01:54:44] [INFO] [VoxarEngine]   Chunk 5 done in 14.8s
[2026-02-27 01:54:44] [INFO] [VoxarEngine]   Chunk 6/9 (327 chars)
[2026-02-27 01:54:57] [INFO] [VoxarEngine]   Chunk 6 done in 13.4s
[2026-02-27 01:54:57] [INFO] [VoxarEngine]   Chunk 7/9 (339 chars)
[2026-02-27 01:55:11] [INFO] [VoxarEngine]   Chunk 7 done in 13.8s
[2026-02-27 01:55:11] [INFO] [VoxarEngine]   Chunk 8/9 (337 chars)
[2026-02-27 01:55:25] [INFO] [VoxarEngine]   Chunk 8 done in 14.4s
[2026-02-27 01:55:25] [INFO] [VoxarEngine]   Chunk 9/9 (308 chars)
[2026-02-27 01:55:39] [INFO] [VoxarEngine]   Chunk 9 done in 13.6s
[2026-02-27 01:55:39] [INFO] [VoxarChunker] Concatenated 9 chunks → 222.3s audio → output\stress_en_3000.wav
[2026-02-27 01:55:39] [INFO] [VoxarChunker] Split 5000 chars into 15 chunks (avg 332 chars/chunk)
[2026-02-27 01:55:39] [INFO] [VoxarEngine] Split text into 15 chunks
[2026-02-27 01:55:39] [INFO] [VoxarEngine]   Chunk 1/15 (327 chars)
[2026-02-27 01:55:54] [INFO] [VoxarEngine]   Chunk 1 done in 14.7s
[2026-02-27 01:55:54] [INFO] [VoxarEngine]   Chunk 2/15 (339 chars)
[2026-02-27 01:56:08] [INFO] [VoxarEngine]   Chunk 2 done in 13.9s
[2026-02-27 01:56:08] [INFO] [VoxarEngine]   Chunk 3/15 (337 chars)
[2026-02-27 01:56:23] [INFO] [VoxarEngine]   Chunk 3 done in 15.2s
[2026-02-27 01:56:23] [INFO] [VoxarEngine]   Chunk 4/15 (342 chars)
[2026-02-27 01:56:38] [INFO] [VoxarEngine]   Chunk 4 done in 15.2s
[2026-02-27 01:56:38] [INFO] [VoxarEngine]   Chunk 5/15 (336 chars)
[2026-02-27 01:56:53] [INFO] [VoxarEngine]   Chunk 5 done in 14.5s
[2026-02-27 01:56:53] [INFO] [VoxarEngine]   Chunk 6/15 (327 chars)
[2026-02-27 01:57:07] [INFO] [VoxarEngine]   Chunk 6 done in 14.0s
[2026-02-27 01:57:07] [INFO] [VoxarEngine]   Chunk 7/15 (339 chars)
[2026-02-27 01:57:22] [INFO] [VoxarEngine]   Chunk 7 done in 15.2s
[2026-02-27 01:57:22] [INFO] [VoxarEngine]   Chunk 8/15 (337 chars)
[2026-02-27 01:57:36] [INFO] [VoxarEngine]   Chunk 8 done in 13.9s
[2026-02-27 01:57:36] [INFO] [VoxarEngine]   Chunk 9/15 (342 chars)
[2026-02-27 01:57:50] [INFO] [VoxarEngine]   Chunk 9 done in 14.4s
[2026-02-27 01:57:50] [INFO] [VoxarEngine]   Chunk 10/15 (336 chars)
[2026-02-27 01:58:05] [INFO] [VoxarEngine]   Chunk 10 done in 14.9s
[2026-02-27 01:58:05] [INFO] [VoxarEngine]   Chunk 11/15 (327 chars)
[2026-02-27 01:58:19] [INFO] [VoxarEngine]   Chunk 11 done in 13.5s
[2026-02-27 01:58:19] [INFO] [VoxarEngine]   Chunk 12/15 (339 chars)
[2026-02-27 01:58:33] [INFO] [VoxarEngine]   Chunk 12 done in 14.7s
[2026-02-27 01:58:33] [INFO] [VoxarEngine]   Chunk 13/15 (337 chars)
[2026-02-27 01:58:48] [INFO] [VoxarEngine]   Chunk 13 done in 14.6s
[2026-02-27 01:58:48] [INFO] [VoxarEngine]   Chunk 14/15 (342 chars)
[2026-02-27 01:59:03] [INFO] [VoxarEngine]   Chunk 14 done in 14.6s
[2026-02-27 01:59:03] [INFO] [VoxarEngine]   Chunk 15/15 (279 chars)
[2026-02-27 01:59:14] [INFO] [VoxarEngine]   Chunk 15 done in 12.0s
[2026-02-27 01:59:15] [INFO] [VoxarChunker] Concatenated 15 chunks → 373.8s audio → output\stress_en_5000.wav
[2026-02-27 01:59:15] [INFO] [VoxarEngine]   Language: Using simplified XTTS call for Hindi (advanced params cause internal bug, voice cloning still works)
[2026-02-27 01:59:15] [INFO] [VoxarEngine] Generating: mode=flash | lang=hi | chars=49 | speed=1.1 | basic=True
[2026-02-27 01:59:15] [INFO] [VoxarEngine]   Using basic XTTS call (language=hi)
[2026-02-27 01:59:18] [INFO] [VoxarEngine]   Language: Using simplified XTTS call for Hindi (advanced params cause internal bug, voice cloning still works)
[2026-02-27 01:59:18] [INFO] [VoxarEngine] Generating: mode=flash | lang=hi | chars=100 | speed=1.1 | basic=True
[2026-02-27 01:59:18] [INFO] [VoxarEngine]   Using basic XTTS call (language=hi)
[2026-02-27 01:59:23] [INFO] [VoxarEngine]   Language: Using simplified XTTS call for Hindi (advanced params cause internal bug, voice cloning still works)
[2026-02-27 01:59:23] [INFO] [VoxarEngine] Generating: mode=flash | lang=hi | chars=250 | speed=1.1 | basic=True
[2026-02-27 01:59:23] [INFO] [VoxarEngine]   Using basic XTTS call (language=hi)
[2026-02-27 01:59:34] [INFO] [VoxarEngine]   Language: Using simplified XTTS call for Hindi (advanced params cause internal bug, voice cloning still works)
[2026-02-27 01:59:34] [INFO] [VoxarChunker] Split 500 chars into 2 chunks (avg 249 chars/chunk)
[2026-02-27 01:59:34] [INFO] [VoxarEngine] Split text into 2 chunks
[2026-02-27 01:59:34] [INFO] [VoxarEngine]   Chunk 1/2 (350 chars)
[2026-02-27 01:59:34] [INFO] [VoxarEngine]   Using basic XTTS call (language=hi)
[2026-02-27 01:59:47] [INFO] [VoxarEngine]   Chunk 1 done in 12.9s
[2026-02-27 01:59:47] [INFO] [VoxarEngine]   Chunk 2/2 (149 chars)
[2026-02-27 01:59:47] [INFO] [VoxarEngine]   Using basic XTTS call (language=hi)
[2026-02-27 01:59:52] [INFO] [VoxarEngine]   Chunk 2 done in 5.0s
[2026-02-27 01:59:52] [INFO] [VoxarChunker] Concatenated 2 chunks → 30.4s audio → output\stress_hi_500.wav
[2026-02-27 01:59:52] [INFO] [VoxarEngine]   Language: Using simplified XTTS call for Hindi (advanced params cause internal bug, voice cloning still works)
[2026-02-27 01:59:52] [INFO] [VoxarChunker] Split 1000 chars into 3 chunks (avg 332 chars/chunk)
[2026-02-27 01:59:52] [INFO] [VoxarEngine] Split text into 3 chunks
[2026-02-27 01:59:52] [INFO] [VoxarEngine]   Chunk 1/3 (350 chars)
[2026-02-27 01:59:52] [INFO] [VoxarEngine]   Using basic XTTS call (language=hi)
[2026-02-27 02:00:05] [INFO] [VoxarEngine]   Chunk 1 done in 13.1s
[2026-02-27 02:00:05] [INFO] [VoxarEngine]   Chunk 2/3 (349 chars)
[2026-02-27 02:00:05] [INFO] [VoxarEngine]   Using basic XTTS call (language=hi)
[2026-02-27 02:00:19] [INFO] [VoxarEngine]   Chunk 2 done in 14.2s
[2026-02-27 02:00:19] [INFO] [VoxarEngine]   Chunk 3/3 (299 chars)
[2026-02-27 02:00:19] [INFO] [VoxarEngine]   Using basic XTTS call (language=hi)
[2026-02-27 02:00:29] [INFO] [VoxarEngine]   Chunk 3 done in 9.7s
[2026-02-27 02:00:29] [INFO] [VoxarChunker] Concatenated 3 chunks → 63.3s audio → output\stress_hi_1000.wav
[2026-02-27 02:00:29] [INFO] [VoxarEngine]   Language: Using simplified XTTS call for Hindi (advanced params cause internal bug, voice cloning still works)
[2026-02-27 02:00:29] [INFO] [VoxarChunker] Split 1999 chars into 6 chunks (avg 332 chars/chunk)
[2026-02-27 02:00:29] [INFO] [VoxarEngine] Split text into 6 chunks
[2026-02-27 02:00:29] [INFO] [VoxarEngine]   Chunk 1/6 (350 chars)
[2026-02-27 02:00:29] [INFO] [VoxarEngine]   Using basic XTTS call (language=hi)
[2026-02-27 02:00:45] [INFO] [VoxarEngine]   Chunk 1 done in 16.5s
[2026-02-27 02:00:45] [INFO] [VoxarEngine]   Chunk 2/6 (349 chars)
[2026-02-27 02:00:45] [INFO] [VoxarEngine]   Using basic XTTS call (language=hi)
[2026-02-27 02:00:54] [INFO] [VoxarEngine]   Chunk 2 done in 8.8s
[2026-02-27 02:00:54] [INFO] [VoxarEngine]   Chunk 3/6 (342 chars)
[2026-02-27 02:00:54] [INFO] [VoxarEngine]   Using basic XTTS call (language=hi)
[2026-02-27 02:01:01] [INFO] [VoxarEngine]   Chunk 3 done in 7.1s
[2026-02-27 02:01:01] [INFO] [VoxarEngine]   Chunk 4/6 (348 chars)
[2026-02-27 02:01:01] [INFO] [VoxarEngine]   Using basic XTTS call (language=hi)
[2026-02-27 02:01:14] [INFO] [VoxarEngine]   Chunk 4 done in 12.5s
[2026-02-27 02:01:14] [INFO] [VoxarEngine]   Chunk 5/6 (344 chars)
[2026-02-27 02:01:14] [INFO] [VoxarEngine]   Using basic XTTS call (language=hi)
[2026-02-27 02:01:23] [INFO] [VoxarEngine]   Chunk 5 done in 9.6s
[2026-02-27 02:01:23] [INFO] [VoxarEngine]   Chunk 6/6 (261 chars)
[2026-02-27 02:01:23] [INFO] [VoxarEngine]   Using basic XTTS call (language=hi)
[2026-02-27 02:01:32] [INFO] [VoxarEngine]   Chunk 6 done in 8.8s
[2026-02-27 02:01:32] [INFO] [VoxarChunker] Concatenated 6 chunks → 109.9s audio → output\stress_hi_2000.wav
[2026-02-27 02:07:19] [INFO] [VoxarEngine] Device: cuda
[2026-02-27 02:07:19] [INFO] [VoxarEngine] GPU: NVIDIA GeForce RTX 4060 Laptop GPU
[2026-02-27 02:07:19] [INFO] [VoxarEngine] VRAM: 8.59 GB total
[2026-02-27 02:07:19] [INFO] [VoxarEngine] Loading XTTS v2 model... (this takes 15-30 seconds)
[2026-02-27 02:07:49] [INFO] [VoxarEngine] Model loaded in 29.7 seconds
[2026-02-27 02:07:49] [INFO] [VoxarEngine] VRAM after model load: 1.91 GB used
[2026-02-27 02:07:49] [INFO] [VoxarEngine] XTTS v2 languages: ['en', 'es', 'fr', 'de', 'it', 'pt', 'pl', 'tr', 'ru', 'nl', 'cs', 'ar', 'zh-cn', 'hu', 'ko', 'ja', 'hi']
[2026-02-27 02:07:49] [INFO] [VoxarEngine] Total VOXAR languages: 26
[2026-02-27 02:07:49] [INFO] [VoxarEngine] Loaded 4 modes: ['cinematic', 'flash', 'longform', 'multilingual']
[2026-02-27 02:07:49] [INFO] [VoxarEngine] ==================================================
[2026-02-27 02:07:49] [INFO] [VoxarEngine] VOXAR TTS ENGINE READY
[2026-02-27 02:07:49] [INFO] [VoxarEngine] ==================================================
[2026-02-27 02:07:49] [INFO] [VoxarChunker] Split 681 chars into 2 chunks (avg 340 chars/chunk)
[2026-02-27 02:07:49] [INFO] [VoxarEngine] Split text into 2 chunks
[2026-02-27 02:07:49] [INFO] [VoxarEngine]   Chunk 1/2 (331 chars)
[2026-02-27 02:08:05] [INFO] [VoxarEngine]   Chunk 1 done in 15.7s
[2026-02-27 02:08:05] [INFO] [VoxarEngine]   Chunk 2/2 (349 chars)
[2026-02-27 02:08:20] [INFO] [VoxarEngine]   Chunk 2 done in 15.4s
[2026-02-27 02:08:20] [INFO] [VoxarChunker] Concatenated 2 chunks → 50.9s audio → output\day4_en_long_flash.wav
[2026-02-27 02:08:20] [INFO] [VoxarChunker] Split 681 chars into 2 chunks (avg 340 chars/chunk)
[2026-02-27 02:08:20] [INFO] [VoxarEngine] Split text into 2 chunks
[2026-02-27 02:08:20] [INFO] [VoxarEngine]   Chunk 1/2 (390 chars)
[2026-02-27 02:08:38] [INFO] [VoxarEngine]   Chunk 1 done in 17.6s
[2026-02-27 02:08:38] [INFO] [VoxarEngine]   Chunk 2/2 (290 chars)
[2026-02-27 02:08:51] [INFO] [VoxarEngine]   Chunk 2 done in 13.2s
[2026-02-27 02:08:51] [INFO] [VoxarChunker] Concatenated 2 chunks → 49.9s audio → output\day4_en_long_longform.wav
[2026-02-27 02:08:51] [INFO] [VoxarEngine]   Language: Using simplified XTTS call for Hindi (advanced params cause internal bug, voice cloning still works)
[2026-02-27 02:08:51] [INFO] [VoxarChunker] Split 410 chars into 3 chunks (avg 135 chars/chunk)
[2026-02-27 02:08:51] [INFO] [VoxarEngine] Split text into 3 chunks
[2026-02-27 02:08:51] [INFO] [VoxarEngine]   Chunk 1/3 (348 chars)
[2026-02-27 02:08:51] [INFO] [VoxarEngine]   Using basic XTTS call (language=hi)
[2026-02-27 02:09:03] [INFO] [VoxarEngine]   Chunk 1 done in 12.0s
[2026-02-27 02:09:03] [INFO] [VoxarEngine]   Chunk 2/3 (21 chars)
[2026-02-27 02:09:03] [INFO] [VoxarEngine]   Using basic XTTS call (language=hi)
[2026-02-27 02:09:07] [INFO] [VoxarEngine]   Chunk 2 done in 4.5s
[2026-02-27 02:09:07] [INFO] [VoxarEngine]   Chunk 3/3 (38 chars)
[2026-02-27 02:09:07] [INFO] [VoxarEngine]   Using basic XTTS call (language=hi)
[2026-02-27 02:09:10] [INFO] [VoxarEngine]   Chunk 3 done in 3.0s
[2026-02-27 02:09:11] [INFO] [VoxarChunker] Concatenated 3 chunks → 33.4s audio → output\day4_hi_long_flash.wav
[2026-02-27 02:09:11] [INFO] [VoxarEngine]   Language: Using simplified XTTS call for Hindi (advanced params cause internal bug, voice cloning still works)
[2026-02-27 02:09:11] [INFO] [VoxarChunker] Split 410 chars into 2 chunks (avg 204 chars/chunk)
[2026-02-27 02:09:11] [INFO] [VoxarEngine] Split text into 2 chunks
[2026-02-27 02:09:11] [INFO] [VoxarEngine]   Chunk 1/2 (370 chars)
[2026-02-27 02:09:11] [INFO] [VoxarEngine]   Using basic XTTS call (language=hi)
[2026-02-27 02:09:19] [INFO] [VoxarEngine]   Chunk 1 done in 8.7s
[2026-02-27 02:09:19] [INFO] [VoxarEngine]   Chunk 2/2 (38 chars)
[2026-02-27 02:09:19] [INFO] [VoxarEngine]   Using basic XTTS call (language=hi)
[2026-02-27 02:09:22] [INFO] [VoxarEngine]   Chunk 2 done in 3.0s
[2026-02-27 02:09:22] [INFO] [VoxarChunker] Concatenated 2 chunks → 19.8s audio → output\day4_hi_long_longform.wav
[2026-02-27 02:12:27] [INFO] [VoxarEngine] Device: cuda
[2026-02-27 02:12:27] [INFO] [VoxarEngine] GPU: NVIDIA GeForce RTX 4060 Laptop GPU
[2026-02-27 02:12:27] [INFO] [VoxarEngine] VRAM: 8.59 GB total
[2026-02-27 02:12:27] [INFO] [VoxarEngine] Loading XTTS v2 model... (this takes 15-30 seconds)
[2026-02-27 02:12:50] [INFO] [VoxarEngine] Model loaded in 22.2 seconds
[2026-02-27 02:12:50] [INFO] [VoxarEngine] VRAM after model load: 1.91 GB used
[2026-02-27 02:12:50] [INFO] [VoxarEngine] XTTS v2 languages: ['en', 'es', 'fr', 'de', 'it', 'pt', 'pl', 'tr', 'ru', 'nl', 'cs', 'ar', 'zh-cn', 'hu', 'ko', 'ja', 'hi']
[2026-02-27 02:12:50] [INFO] [VoxarEngine] Total VOXAR languages: 26
[2026-02-27 02:12:50] [INFO] [VoxarEngine] Loaded 4 modes: ['cinematic', 'flash', 'longform', 'multilingual']
[2026-02-27 02:12:50] [INFO] [VoxarEngine] ==================================================
[2026-02-27 02:12:50] [INFO] [VoxarEngine] VOXAR TTS ENGINE READY
[2026-02-27 02:12:50] [INFO] [VoxarEngine] ==================================================
[2026-02-27 02:12:52] [INFO] [VoxarEngine] Generating: mode=flash | lang=en | chars=106 | speed=1.1 | basic=False
[2026-02-27 02:12:58] [INFO] [VoxarEngine] Generating: mode=flash | lang=en | chars=48 | speed=1.1 | basic=False
[2026-02-27 02:13:01] [INFO] [VoxarEngine]   Language: Using simplified XTTS call for Hindi (advanced params cause internal bug, voice cloning still works)
[2026-02-27 02:13:01] [INFO] [VoxarEngine] Generating: mode=flash | lang=hi | chars=57 | speed=1.1 | basic=True
[2026-02-27 02:13:01] [INFO] [VoxarEngine]   Using basic XTTS call (language=hi)
[2026-02-27 02:13:05] [INFO] [VoxarEngine] Generating: mode=flash | lang=es | chars=49 | speed=1.1 | basic=False
[2026-02-27 02:13:08] [INFO] [VoxarEngine] Generating: mode=flash | lang=fr | chars=51 | speed=1.1 | basic=False
[2026-02-27 02:16:18] [INFO] [VoxarEngine] Device: cuda
[2026-02-27 02:16:18] [INFO] [VoxarEngine] GPU: NVIDIA GeForce RTX 4060 Laptop GPU
[2026-02-27 02:16:18] [INFO] [VoxarEngine] VRAM: 8.59 GB total
[2026-02-27 02:16:18] [INFO] [VoxarEngine] Loading XTTS v2 model... (this takes 15-30 seconds)
[2026-02-27 02:16:40] [INFO] [VoxarEngine] Model loaded in 22.3 seconds
[2026-02-27 02:16:40] [INFO] [VoxarEngine] VRAM after model load: 1.91 GB used
[2026-02-27 02:16:40] [INFO] [VoxarEngine] XTTS v2 languages: ['en', 'es', 'fr', 'de', 'it', 'pt', 'pl', 'tr', 'ru', 'nl', 'cs', 'ar', 'zh-cn', 'hu', 'ko', 'ja', 'hi']
[2026-02-27 02:16:40] [INFO] [VoxarEngine] Total VOXAR languages: 26
[2026-02-27 02:16:40] [INFO] [VoxarEngine] Loaded 4 modes: ['cinematic', 'flash', 'longform', 'multilingual']
[2026-02-27 02:16:40] [INFO] [VoxarEngine] ==================================================
[2026-02-27 02:16:40] [INFO] [VoxarEngine] VOXAR TTS ENGINE READY
[2026-02-27 02:16:40] [INFO] [VoxarEngine] ==================================================
[2026-02-27 02:16:40] [INFO] [VoxarChunker] Split 266 chars into 2 chunks (avg 132 chars/chunk)
[2026-02-27 02:16:40] [INFO] [VoxarEngine] Split text into 2 chunks
[2026-02-27 02:16:40] [INFO] [VoxarEngine]   Chunk 1/2 (206 chars)
[2026-03-03 02:50:15] [INFO] [VoxarEngine] Device: cuda
[2026-03-03 02:50:15] [INFO] [VoxarEngine] GPU: NVIDIA GeForce RTX 4060 Laptop GPU
[2026-03-03 02:50:15] [INFO] [VoxarEngine] VRAM: 8.59 GB total
[2026-03-03 02:50:15] [INFO] [VoxarEngine] Loading XTTS v2 model... (this takes 15-30 seconds)
[2026-03-03 02:51:01] [INFO] [VoxarEngine] Device: cuda
[2026-03-03 02:51:01] [INFO] [VoxarEngine] GPU: NVIDIA GeForce RTX 4060 Laptop GPU
[2026-03-03 02:51:01] [INFO] [VoxarEngine] VRAM: 8.59 GB total
[2026-03-03 02:51:01] [INFO] [VoxarEngine] Loading XTTS v2 model... (this takes 15-30 seconds)
[2026-03-03 02:51:27] [INFO] [VoxarEngine] Model loaded in 25.9 seconds
[2026-03-03 02:51:27] [INFO] [VoxarEngine] VRAM after model load: 1.91 GB used
[2026-03-03 02:51:27] [INFO] [VoxarEngine] XTTS v2 languages: ['en', 'es', 'fr', 'de', 'it', 'pt', 'pl', 'tr', 'ru', 'nl', 'cs', 'ar', 'zh-cn', 'hu', 'ko', 'ja', 'hi']
[2026-03-03 02:51:27] [INFO] [VoxarEngine] Total VOXAR languages: 26
[2026-03-03 02:51:27] [INFO] [VoxarEngine] Loaded 4 modes: ['cinematic', 'flash', 'longform', 'multilingual']
[2026-03-03 02:51:27] [INFO] [VoxarEngine] ==================================================
[2026-03-03 02:51:27] [INFO] [VoxarEngine] VOXAR TTS ENGINE READY
[2026-03-03 02:51:27] [INFO] [VoxarEngine] ==================================================
[2026-03-03 02:51:27] [INFO] [VoxarRouter] EngineRouter initialized: XTTS=loaded | MMS=lazy | OpenVoice=lazy | auto_reload_xtts=True
[2026-03-03 02:51:27] [INFO] [VoxarVoiceManager] VoiceManager initialized: 20 voices loaded
[2026-03-03 02:51:27] [INFO] [VoxarAPI] Voice catalog: 20 voices loaded
[2026-03-03 02:51:27] [INFO] [VoxarQueue] GPUJobQueue initialized: max_queue=20 timeout=120s ttl=3600s
[2026-03-03 02:51:27] [INFO] [VoxarQueue] GPU job queue worker started
[2026-03-03 02:51:27] [INFO] [VoxarRateLimit] Rate limiter initialized: 10/min, burst=5
[2026-03-03 02:51:27] [INFO] [VoxarAPI] ============================================================
[2026-03-03 02:51:27] [INFO] [VoxarAPI]   VOXAR SERVER READY in 29.8s
[2026-03-03 02:51:27] [INFO] [VoxarAPI]   http://0.0.0.0:8000/docs
[2026-03-03 02:51:27] [INFO] [VoxarAPI] ============================================================
[2026-03-03 02:51:27] [INFO] [VoxarQueue] GPU worker started — waiting for jobs...
[2026-03-03 02:52:09] [WARNING] [VoxarAuth] Missing API key: GET 
[2026-03-03 02:52:50] [INFO] [VoxarEngine] Device: cuda
[2026-03-03 02:52:50] [INFO] [VoxarEngine] GPU: NVIDIA GeForce RTX 4060 Laptop GPU
[2026-03-03 02:52:50] [INFO] [VoxarEngine] VRAM: 8.59 GB total
[2026-03-03 02:52:50] [INFO] [VoxarEngine] Loading XTTS v2 model... (this takes 15-30 seconds)
[2026-03-03 02:53:21] [INFO] [VoxarEngine] Model loaded in 30.6 seconds
[2026-03-03 02:53:21] [INFO] [VoxarEngine] VRAM after model load: 1.91 GB used
[2026-03-03 02:53:21] [INFO] [VoxarEngine] XTTS v2 languages: ['en', 'es', 'fr', 'de', 'it', 'pt', 'pl', 'tr', 'ru', 'nl', 'cs', 'ar', 'zh-cn', 'hu', 'ko', 'ja', 'hi']
[2026-03-03 02:53:21] [INFO] [VoxarEngine] Total VOXAR languages: 26
[2026-03-03 02:53:21] [INFO] [VoxarEngine] Loaded 4 modes: ['cinematic', 'flash', 'longform', 'multilingual']
[2026-03-03 02:53:21] [INFO] [VoxarEngine] ==================================================
[2026-03-03 02:53:21] [INFO] [VoxarEngine] VOXAR TTS ENGINE READY
[2026-03-03 02:53:21] [INFO] [VoxarEngine] ==================================================
[2026-03-03 02:53:21] [INFO] [VoxarRouter] EngineRouter initialized: XTTS=loaded | MMS=lazy | OpenVoice=lazy | auto_reload_xtts=True
[2026-03-03 02:53:21] [INFO] [VoxarVoiceManager] VoiceManager initialized: 20 voices loaded
[2026-03-03 02:53:21] [INFO] [VoxarAPI] Voice catalog: 20 voices loaded
[2026-03-03 02:53:21] [INFO] [VoxarQueue] GPUJobQueue initialized: max_queue=20 timeout=120s ttl=3600s
[2026-03-03 02:53:21] [INFO] [VoxarQueue] GPU job queue worker started
[2026-03-03 02:53:21] [INFO] [VoxarRateLimit] Rate limiter initialized: 10/min, burst=5
[2026-03-03 02:53:21] [INFO] [VoxarAPI] ============================================================
[2026-03-03 02:53:21] [INFO] [VoxarAPI]   VOXAR SERVER READY in 34.5s
[2026-03-03 02:53:21] [INFO] [VoxarAPI]   http://0.0.0.0:8000/docs
[2026-03-03 02:53:21] [INFO] [VoxarAPI] ============================================================
[2026-03-03 02:53:21] [INFO] [VoxarQueue] GPU worker started — waiting for jobs...
[2026-03-03 02:53:39] [WARNING] [VoxarAuth] Missing API key: GET /api/v1/voices
[2026-03-06 10:56:06] [INFO] [VoxarEngine] Device: cpu
[2026-03-06 10:56:06] [INFO] [VoxarEngine] Loading XTTS v2 model... (this takes 15-30 seconds)
[2026-03-06 10:59:05] [INFO] [VoxarEngine] Device: cpu
[2026-03-06 10:59:05] [INFO] [VoxarEngine] Loading XTTS v2 model... (this takes 15-30 seconds)
[2026-03-06 11:07:02] [INFO] [VoxarEngine] Device: cpu
[2026-03-06 11:07:02] [INFO] [VoxarEngine] Loading XTTS v2 model... (this takes 15-30 seconds)
[2026-03-06 11:07:34] [INFO] [VoxarEngine] Model loaded in 31.1 seconds
[2026-03-06 11:07:34] [INFO] [VoxarEngine] XTTS v2 languages: ['en', 'es', 'fr', 'de', 'it', 'pt', 'pl', 'tr', 'ru', 'nl', 'cs', 'ar', 'zh-cn', 'hu', 'ko', 'ja', 'hi']
[2026-03-06 11:07:34] [INFO] [VoxarEngine] Total VOXAR languages: 26
[2026-03-06 11:07:34] [INFO] [VoxarEngine] Loaded 4 modes: ['cinematic', 'flash', 'longform', 'multilingual']
[2026-03-06 11:10:25] [INFO] [VoxarEngine] Device: cpu
[2026-03-06 11:10:25] [INFO] [VoxarEngine] Loading XTTS v2 model... (this takes 15-30 seconds)
[2026-03-06 11:10:46] [INFO] [VoxarEngine] Model loaded in 21.2 seconds
[2026-03-06 11:10:46] [INFO] [VoxarEngine] XTTS v2 languages: ['en', 'es', 'fr', 'de', 'it', 'pt', 'pl', 'tr', 'ru', 'nl', 'cs', 'ar', 'zh-cn', 'hu', 'ko', 'ja', 'hi']
[2026-03-06 11:10:46] [INFO] [VoxarEngine] Total VOXAR languages: 26
[2026-03-06 11:10:46] [INFO] [VoxarEngine] Loaded 4 modes: ['cinematic', 'flash', 'longform', 'multilingual']
[2026-03-06 11:10:46] [INFO] [VoxarEngine] ==================================================
[2026-03-06 11:10:46] [INFO] [VoxarEngine] VOXAR TTS ENGINE READY
[2026-03-06 11:10:46] [INFO] [VoxarEngine] ==================================================
[2026-03-06 11:10:46] [INFO] [VoxarRouter] EngineRouter initialized: XTTS=loaded | MMS=lazy | OpenVoice=lazy | Whisper=lazy | auto_reload_xtts=True
[2026-03-06 11:10:46] [INFO] [VoxarVoiceManager] VoiceManager initialized: 20 voices loaded
[2026-03-06 11:10:46] [INFO] [VoxarAPI] Voice catalog: 20 voices loaded
[2026-03-06 11:10:46] [INFO] [VoxarUserVoice] UserVoiceManager initialized: base_dir=voices\user_voices max_voices_per_user=10
[2026-03-06 11:10:46] [INFO] [VoxarAPI] User voice manager ready: base_dir=voices/user_voices
[2026-03-06 11:10:46] [INFO] [VoxarQueue] GPUJobQueue initialized: max_queue=20 timeout=120s ttl=3600s
[2026-03-06 11:10:46] [INFO] [VoxarQueue] GPU job queue worker started
[2026-03-06 11:10:46] [INFO] [VoxarRateLimit] Rate limiter initialized: 10/min, burst=5
[2026-03-06 11:10:46] [INFO] [VoxarAPI] ============================================================
[2026-03-06 11:10:46] [INFO] [VoxarAPI]   VOXAR SERVER READY in 23.2s
[2026-03-06 11:10:46] [INFO] [VoxarAPI]   http://0.0.0.0:8000/docs
[2026-03-06 11:10:46] [INFO] [VoxarAPI] ============================================================
[2026-03-06 11:10:46] [INFO] [VoxarQueue] GPU worker started — waiting for jobs...
[2026-03-06 11:23:34] [INFO] [VoxarAPI] VOXAR server shutting down...
[2026-03-06 11:23:34] [INFO] [VoxarQueue] GPU worker stopped
[2026-03-06 11:23:34] [INFO] [VoxarQueue] GPU job queue worker stopped
[2026-03-06 11:23:35] [INFO] [VoxarEngine] Model unloaded from CPU
[2026-03-06 11:23:35] [INFO] [VoxarAPI] XTTS model unloaded
[2026-03-06 11:23:35] [INFO] [VoxarAPI] VOXAR server stopped
[2026-03-08 20:00:43] [INFO] [VoxarEngine] Device: cpu
[2026-03-08 20:00:43] [INFO] [VoxarEngine] Loading XTTS v2 model... (this takes 15-30 seconds)
[2026-03-08 20:02:08] [INFO] [VoxarEngine] Model loaded in 85.3 seconds
[2026-03-08 20:02:08] [INFO] [VoxarEngine] XTTS v2 languages: ['en', 'es', 'fr', 'de', 'it', 'pt', 'pl', 'tr', 'ru', 'nl', 'cs', 'ar', 'zh-cn', 'hu', 'ko', 'ja', 'hi']
[2026-03-08 20:02:08] [INFO] [VoxarEngine] Total VOXAR languages: 26
[2026-03-08 20:02:08] [INFO] [VoxarEngine] Loaded 4 modes: ['cinematic', 'flash', 'longform', 'multilingual']
[2026-03-08 20:02:08] [INFO] [VoxarEngine] ==================================================
[2026-03-08 20:02:08] [INFO] [VoxarEngine] VOXAR TTS ENGINE READY
[2026-03-08 20:02:08] [INFO] [VoxarEngine] ==================================================
[2026-03-08 20:02:08] [INFO] [VoxarRouter] EngineRouter initialized: XTTS=loaded | MMS=lazy | OpenVoice=lazy | Whisper=lazy | auto_reload_xtts=True
[2026-03-08 20:02:08] [INFO] [VoxarVoiceManager] VoiceManager initialized: 20 voices loaded
[2026-03-08 20:02:08] [INFO] [VoxarAPI] Voice catalog: 20 voices loaded
[2026-03-08 20:02:11] [INFO] [VoxarUserVoice] UserVoiceManager initialized: base_dir=voices\user_voices max_voices_per_user=10
[2026-03-08 20:02:11] [INFO] [VoxarAPI] User voice manager ready: base_dir=voices/user_voices
[2026-03-08 20:02:11] [INFO] [VoxarQueue] GPUJobQueue initialized: max_queue=20 timeout=120s ttl=3600s
[2026-03-08 20:02:11] [INFO] [VoxarQueue] GPU job queue worker started
[2026-03-08 20:02:11] [INFO] [VoxarRateLimit] Rate limiter initialized: 10/min, burst=5
[2026-03-08 20:02:11] [INFO] [VoxarAPI] ============================================================
[2026-03-08 20:02:11] [INFO] [VoxarAPI]   VOXAR SERVER READY in 99.1s
[2026-03-08 20:02:11] [INFO] [VoxarAPI]   http://0.0.0.0:8000/docs
[2026-03-08 20:02:11] [INFO] [VoxarAPI] ============================================================
[2026-03-08 20:02:11] [INFO] [VoxarQueue] GPU worker started — waiting for jobs...
[2026-03-08 20:38:46] [WARNING] [VoxarAuth] Missing API key: GET /api/v1/voices
[2026-03-08 20:38:58] [WARNING] [VoxarAuth] Missing API key: GET /api/v1/voices
[2026-03-08 20:40:30] [INFO] [VoxarQueue] Job submitted: j_138f3f8d7ce8 | voice=v011 lang=en chars=21 | queue_size=1
[2026-03-08 20:40:30] [INFO] [VoxarQueue] Processing job: j_138f3f8d7ce8 (type=tts)
[2026-03-08 20:40:30] [INFO] [VoxarPipeline] VoxarPipeline initialized: lang=en mode=flash mastering=flash plan=free
[2026-03-08 20:40:30] [INFO] [VoxarPipeline] Pipeline Step 1: Preprocessing text...
[2026-03-08 20:40:30] [INFO] [VoxarPreprocessor] Loaded 72 custom Hinglish words
[2026-03-08 20:40:30] [INFO] [VoxarPreprocessor] Loaded 6 pronunciations from pronunciations_en.json
[2026-03-08 20:40:30] [INFO] [VoxarPreprocessor] Loaded 1 pronunciations from pronunciations_hi.json
[2026-03-08 20:40:30] [INFO] [VoxarPreprocessor] ScriptPreprocessor initialized
[2026-03-08 20:40:30] [INFO] [VoxarPipeline]   Preprocessed: 21 → 21 chars, 1 chunks, lang=en
[2026-03-08 20:40:30] [INFO] [VoxarPipeline] Pipeline Step 2: Generating audio (1 chunks)...
[2026-03-08 20:40:30] [INFO] [VoxarPipeline]   Generating chunk 1/1 (21 chars)
[2026-03-08 20:40:30] [INFO] [VoxarEngine] Generating: mode=flash | lang=en | chars=21 | speed=1.1 | basic=False
[2026-03-08 20:40:51] [INFO] [VoxarPipeline]   Chunk 1 done: 2.79s
[2026-03-08 20:40:51] [INFO] [VoxarPipeline] Pipeline Step 3: Mastering audio...
[2026-03-08 20:40:51] [INFO] [VoxarAudio] VoxarAudioMaster: mode=flash (Flash)
[2026-03-08 20:40:51] [INFO] [VoxarAudio]   Mastering: _pipeline_chunk_0.wav (mode: flash)
[2026-03-08 20:40:51] [INFO] [VoxarAudio]   Trimmed 470ms silence
[2026-03-08 20:40:51] [INFO] [VoxarAudio]   Compression: 1.5:1 @-25dB avg_GR=-1.4dB
[2026-03-08 20:40:51] [INFO] [VoxarAudio]   EQ: voice_clarity
[2026-03-08 20:40:51] [INFO] [VoxarAudio]   Breaths: 63 segments reduced by 4dB
[2026-03-08 20:40:51] [ERROR] [VoxarPipeline]   Mastering failed: No module named 'pyloudnorm'
[2026-03-08 20:40:51] [INFO] [VoxarPipeline] Pipeline Step 4: Validating quality...
[2026-03-08 20:40:51] [INFO] [VoxarQuality]   Quality: 80/100 (B) — PASS — 2 issues
[2026-03-08 20:40:51] [INFO] [VoxarPipeline]   Quality: 80/100 Grade B (PASS)
[2026-03-08 20:40:51] [INFO] [VoxarPipeline] Pipeline Step 5: Exporting for plan 'free'...
[2026-03-08 20:40:51] [INFO] [VoxarExport] VoxarExporter initialized
[2026-03-08 20:40:51] [INFO] [VoxarExport]   Using tone watermark (record real watermark later)
[2026-03-08 20:40:59] [INFO] [VoxarExport]   MP3 exported: 128k | 76KB | 4.8s → output\api\j_138f3f8d7ce8\exports\voxar_output.mp3
[2026-03-08 20:40:59] [INFO] [VoxarExport]   Exported for plan 'free': ['mp3']
[2026-03-08 20:40:59] [INFO] [VoxarPipeline]   Exported: ['mp3']
[2026-03-08 20:40:59] [INFO] [VoxarPipeline] Pipeline complete: 28.9s total | Quality: 80/100 (B) | Errors: 1
[2026-03-08 20:40:59] [ERROR] [VoxarQueue] Job j_138f3f8d7ce8 failed: Pipeline errors: Mastering failed: No module named 'pyloudnorm'
[2026-03-08 21:00:24] [WARNING] [VoxarAuth] Missing API key: GET /api/v1/voices
[2026-03-08 21:01:21] [WARNING] [VoxarAuth] Missing API key: GET /api/v1/voices
[2026-03-08 21:02:29] [WARNING] [VoxarAuth] Missing API key: GET /api/v1/voices
[2026-03-08 21:03:00] [WARNING] [VoxarAuth] Missing API key: GET /api/v1/voices
[2026-03-08 21:06:28] [INFO] [VoxarQueue] Job submitted: j_49d03233bf23 | voice=v011 lang=en chars=11 | queue_size=1
[2026-03-08 21:06:28] [INFO] [VoxarQueue] Processing job: j_49d03233bf23 (type=tts)
[2026-03-08 21:06:28] [INFO] [VoxarPipeline] VoxarPipeline initialized: lang=en mode=flash mastering=flash plan=free
[2026-03-08 21:06:28] [INFO] [VoxarPipeline] Pipeline Step 1: Preprocessing text...
[2026-03-08 21:06:28] [INFO] [VoxarPreprocessor] Loaded 72 custom Hinglish words
[2026-03-08 21:06:28] [INFO] [VoxarPreprocessor] Loaded 6 pronunciations from pronunciations_en.json
[2026-03-08 21:06:28] [INFO] [VoxarPreprocessor] Loaded 1 pronunciations from pronunciations_hi.json
[2026-03-08 21:06:28] [INFO] [VoxarPreprocessor] ScriptPreprocessor initialized
[2026-03-08 21:06:28] [INFO] [VoxarPipeline]   Preprocessed: 11 → 11 chars, 1 chunks, lang=en
[2026-03-08 21:06:28] [INFO] [VoxarPipeline] Pipeline Step 2: Generating audio (1 chunks)...
[2026-03-08 21:06:28] [INFO] [VoxarPipeline]   Generating chunk 1/1 (11 chars)
[2026-03-08 21:06:28] [INFO] [VoxarEngine] Generating: mode=flash | lang=en | chars=11 | speed=1.1 | basic=False
[2026-03-08 21:06:38] [INFO] [VoxarPipeline]   Chunk 1 done: 1.25s
[2026-03-08 21:06:38] [INFO] [VoxarPipeline] Pipeline Step 3: Mastering audio...
[2026-03-08 21:06:38] [INFO] [VoxarAudio] VoxarAudioMaster: mode=flash (Flash)
[2026-03-08 21:06:38] [INFO] [VoxarAudio]   Mastering: _pipeline_chunk_0.wav (mode: flash)
[2026-03-08 21:06:38] [INFO] [VoxarAudio]   Trimmed 478ms silence
[2026-03-08 21:06:38] [INFO] [VoxarAudio]   Compression: 1.5:1 @-25dB avg_GR=-2.7dB
[2026-03-08 21:06:38] [INFO] [VoxarAudio]   EQ: voice_clarity
[2026-03-08 21:06:38] [INFO] [VoxarAudio]   Breaths: 9 segments reduced by 4dB
[2026-03-08 21:06:38] [ERROR] [VoxarPipeline]   Mastering failed: No module named 'pyloudnorm'
[2026-03-08 21:06:38] [INFO] [VoxarPipeline] Pipeline Step 4: Validating quality...
[2026-03-08 21:06:38] [INFO] [VoxarQuality]   Quality: 65/100 (C) — PASS — 2 issues
[2026-03-08 21:06:38] [INFO] [VoxarPipeline]   Quality: 65/100 Grade C (PASS)
[2026-03-08 21:06:38] [INFO] [VoxarPipeline] Pipeline Step 5: Exporting for plan 'free'...
[2026-03-08 21:06:38] [INFO] [VoxarExport] VoxarExporter initialized
[2026-03-08 21:06:38] [INFO] [VoxarExport]   Using tone watermark (record real watermark later)
[2026-03-08 21:06:38] [INFO] [VoxarExport]   MP3 exported: 128k | 52KB | 3.2s → output\api\j_49d03233bf23\exports\voxar_output.mp3
[2026-03-08 21:06:38] [INFO] [VoxarExport]   Exported for plan 'free': ['mp3']
[2026-03-08 21:06:38] [INFO] [VoxarPipeline]   Exported: ['mp3']
[2026-03-08 21:06:38] [INFO] [VoxarPipeline] Pipeline complete: 10.2s total | Quality: 65/100 (C) | Errors: 1
[2026-03-08 21:06:38] [ERROR] [VoxarQueue] Job j_49d03233bf23 failed: Pipeline errors: Mastering failed: No module named 'pyloudnorm'
[2026-03-08 21:08:19] [INFO] [VoxarQueue] Job submitted: j_70f495d62fc2 | voice=v011 lang=en chars=17 | queue_size=1
[2026-03-08 21:08:19] [INFO] [VoxarQueue] Processing job: j_70f495d62fc2 (type=tts)
[2026-03-08 21:08:19] [INFO] [VoxarPipeline] VoxarPipeline initialized: lang=en mode=flash mastering=flash plan=free
[2026-03-08 21:08:19] [INFO] [VoxarPipeline] Pipeline Step 1: Preprocessing text...
[2026-03-08 21:08:19] [INFO] [VoxarPreprocessor] Loaded 72 custom Hinglish words
[2026-03-08 21:08:19] [INFO] [VoxarPreprocessor] Loaded 6 pronunciations from pronunciations_en.json
[2026-03-08 21:08:19] [INFO] [VoxarPreprocessor] Loaded 1 pronunciations from pronunciations_hi.json
[2026-03-08 21:08:19] [INFO] [VoxarPreprocessor] ScriptPreprocessor initialized
[2026-03-08 21:08:19] [INFO] [VoxarPipeline]   Preprocessed: 17 → 17 chars, 1 chunks, lang=en
[2026-03-08 21:08:19] [INFO] [VoxarPipeline] Pipeline Step 2: Generating audio (1 chunks)...
[2026-03-08 21:08:19] [INFO] [VoxarPipeline]   Generating chunk 1/1 (17 chars)
[2026-03-08 21:08:19] [INFO] [VoxarEngine] Generating: mode=flash | lang=en | chars=17 | speed=1.1 | basic=False
[2026-03-08 21:08:24] [INFO] [VoxarPipeline]   Chunk 1 done: 1.67s
[2026-03-08 21:08:24] [INFO] [VoxarPipeline] Pipeline Step 3: Mastering audio...
[2026-03-08 21:08:24] [INFO] [VoxarAudio] VoxarAudioMaster: mode=flash (Flash)
[2026-03-08 21:08:24] [INFO] [VoxarAudio]   Mastering: _pipeline_chunk_0.wav (mode: flash)
[2026-03-08 21:08:24] [INFO] [VoxarAudio]   Trimmed 481ms silence
[2026-03-08 21:08:24] [INFO] [VoxarAudio]   Artifacts: 1 clicks
[2026-03-08 21:08:24] [INFO] [VoxarAudio]   Compression: 1.5:1 @-25dB avg_GR=-2.3dB
[2026-03-08 21:08:24] [INFO] [VoxarAudio]   EQ: voice_clarity
[2026-03-08 21:08:24] [INFO] [VoxarAudio]   Breaths: 19 segments reduced by 4dB
[2026-03-08 21:08:24] [ERROR] [VoxarPipeline]   Mastering failed: No module named 'pyloudnorm'
[2026-03-08 21:08:24] [INFO] [VoxarPipeline] Pipeline Step 4: Validating quality...
[2026-03-08 21:08:24] [INFO] [VoxarQuality]   Quality: 80/100 (B) — PASS — 2 issues
[2026-03-08 21:08:24] [INFO] [VoxarPipeline]   Quality: 80/100 Grade B (PASS)
[2026-03-08 21:08:24] [INFO] [VoxarPipeline] Pipeline Step 5: Exporting for plan 'free'...
[2026-03-08 21:08:24] [INFO] [VoxarExport] VoxarExporter initialized
[2026-03-08 21:08:24] [INFO] [VoxarExport]   Using tone watermark (record real watermark later)
[2026-03-08 21:08:24] [INFO] [VoxarExport]   MP3 exported: 128k | 59KB | 3.7s → output\api\j_70f495d62fc2\exports\voxar_output.mp3
[2026-03-08 21:08:24] [INFO] [VoxarExport]   Exported for plan 'free': ['mp3']
[2026-03-08 21:08:24] [INFO] [VoxarPipeline]   Exported: ['mp3']
[2026-03-08 21:08:24] [INFO] [VoxarPipeline] Pipeline complete: 5.4s total | Quality: 80/100 (B) | Errors: 1
[2026-03-08 21:08:24] [ERROR] [VoxarQueue] Job j_70f495d62fc2 failed: Pipeline errors: Mastering failed: No module named 'pyloudnorm'
[2026-03-08 21:32:10] [INFO] [VoxarEngine] Device: cpu
[2026-03-08 21:32:10] [INFO] [VoxarEngine] Loading XTTS v2 model... (this takes 15-30 seconds)
[2026-03-08 21:32:42] [INFO] [VoxarEngine] Model loaded in 31.9 seconds
[2026-03-08 21:32:42] [INFO] [VoxarEngine] XTTS v2 languages: ['en', 'es', 'fr', 'de', 'it', 'pt', 'pl', 'tr', 'ru', 'nl', 'cs', 'ar', 'zh-cn', 'hu', 'ko', 'ja', 'hi']
[2026-03-08 21:32:42] [INFO] [VoxarEngine] Total VOXAR languages: 26
[2026-03-08 21:32:42] [INFO] [VoxarEngine] Loaded 4 modes: ['cinematic', 'flash', 'longform', 'multilingual']
[2026-03-08 21:32:42] [INFO] [VoxarEngine] ==================================================
[2026-03-08 21:32:42] [INFO] [VoxarEngine] VOXAR TTS ENGINE READY
[2026-03-08 21:32:42] [INFO] [VoxarEngine] ==================================================
[2026-03-08 21:32:42] [INFO] [VoxarRouter] EngineRouter initialized: XTTS=loaded | MMS=lazy | OpenVoice=lazy | Whisper=lazy | auto_reload_xtts=True
[2026-03-08 21:32:42] [INFO] [VoxarVoiceManager] VoiceManager initialized: 20 voices loaded
[2026-03-08 21:32:42] [INFO] [VoxarAPI] Voice catalog: 20 voices loaded
[2026-03-08 21:32:42] [INFO] [VoxarUserVoice] UserVoiceManager initialized: base_dir=voices\user_voices max_voices_per_user=10
[2026-03-08 21:32:42] [INFO] [VoxarAPI] User voice manager ready: base_dir=voices/user_voices
[2026-03-08 21:32:42] [INFO] [VoxarQueue] GPUJobQueue initialized: max_queue=20 timeout=120s ttl=3600s
[2026-03-08 21:32:42] [INFO] [VoxarQueue] GPU job queue worker started
[2026-03-08 21:32:42] [INFO] [VoxarRateLimit] Rate limiter initialized: 10/min, burst=5
[2026-03-08 21:32:42] [INFO] [VoxarAPI] ============================================================
[2026-03-08 21:32:42] [INFO] [VoxarAPI]   VOXAR SERVER READY in 38.6s
[2026-03-08 21:32:42] [INFO] [VoxarAPI]   http://0.0.0.0:8000/docs
[2026-03-08 21:32:42] [INFO] [VoxarAPI] ============================================================
[2026-03-08 21:32:42] [INFO] [VoxarQueue] GPU worker started — waiting for jobs...
